<?xml version="1.0" encoding="UTF-8"?>
<testsuite xmlns:xsi="http://www.w3.org/2001/XMLSchema-instance" xsi:noNamespaceSchemaLocation="https://maven.apache.org/surefire/maven-surefire-plugin/xsd/surefire-test-report.xsd" name="com.tf.ham.AppTest" time="0.126" tests="1" errors="0" skipped="0" failures="0">
  <properties>
    <property name="awt.toolkit" value="sun.awt.X11.XToolkit"/>
    <property name="java.specification.version" value="11"/>
    <property name="sun.cpu.isalist" value=""/>
    <property name="sun.jnu.encoding" value="UTF-8"/>
    <property name="java.class.path" value="/home/pi/kenwood/java/malachiteControl/target/test-classes:/home/pi/kenwood/java/malachiteControl/target/classes:/home/pi/.m2/repository/junit/junit/4.11/junit-4.11.jar:/home/pi/.m2/repository/org/hamcrest/hamcrest-core/1.3/hamcrest-core-1.3.jar:/home/pi/.m2/repository/org/usb4java/usb4java-javax/1.3.0/usb4java-javax-1.3.0.jar:/home/pi/.m2/repository/javax/usb/usb-api/1.0.2/usb-api-1.0.2.jar:/home/pi/.m2/repository/org/apache/commons/commons-lang3/3.8.1/commons-lang3-3.8.1.jar:/home/pi/.m2/repository/org/usb4java/usb4java/1.3.0/usb4java-1.3.0.jar:/home/pi/.m2/repository/org/usb4java/libusb4java/1.3.0/libusb4java-1.3.0-linux-x86.jar:/home/pi/.m2/repository/org/usb4java/libusb4java/1.3.0/libusb4java-1.3.0-linux-x86-64.jar:/home/pi/.m2/repository/org/usb4java/libusb4java/1.3.0/libusb4java-1.3.0-win32-x86.jar:/home/pi/.m2/repository/org/usb4java/libusb4java/1.3.0/libusb4java-1.3.0-win32-x86-64.jar:/home/pi/.m2/repository/org/usb4java/libusb4java/1.3.0/libusb4java-1.3.0-darwin-x86-64.jar:/home/pi/.m2/repository/org/usb4java/libusb4java/1.3.0/libusb4java-1.3.0-linux-arm.jar:/home/pi/.m2/repository/org/usb4java/libusb4java/1.3.0/libusb4java-1.3.0-linux-aarch64.jar:/home/pi/.m2/repository/commons-net/commons-net/3.8.0/commons-net-3.8.0.jar:"/>
    <property name="java.vm.vendor" value="Raspbian"/>
    <property name="sun.arch.data.model" value="32"/>
    <property name="java.vendor.url" value="Unknown"/>
    <property name="user.timezone" value=""/>
    <property name="java.vm.specification.version" value="11"/>
    <property name="os.name" value="Linux"/>
    <property name="sun.java.launcher" value="SUN_STANDARD"/>
    <property name="user.country" value="US"/>
    <property name="sun.boot.library.path" value="/usr/lib/jvm/java-11-openjdk-armhf/lib"/>
    <property name="sun.java.command" value="/home/pi/kenwood/java/malachiteControl/target/surefire/surefirebooter18169570930209673334.jar /home/pi/kenwood/java/malachiteControl/target/surefire 2022-01-13T14-36-56_224-jvmRun1 surefire17685288598254543856tmp surefire_017171335580878601935tmp"/>
    <property name="jdk.debug" value="release"/>
    <property name="surefire.test.class.path" value="/home/pi/kenwood/java/malachiteControl/target/test-classes:/home/pi/kenwood/java/malachiteControl/target/classes:/home/pi/.m2/repository/junit/junit/4.11/junit-4.11.jar:/home/pi/.m2/repository/org/hamcrest/hamcrest-core/1.3/hamcrest-core-1.3.jar:/home/pi/.m2/repository/org/usb4java/usb4java-javax/1.3.0/usb4java-javax-1.3.0.jar:/home/pi/.m2/repository/javax/usb/usb-api/1.0.2/usb-api-1.0.2.jar:/home/pi/.m2/repository/org/apache/commons/commons-lang3/3.8.1/commons-lang3-3.8.1.jar:/home/pi/.m2/repository/org/usb4java/usb4java/1.3.0/usb4java-1.3.0.jar:/home/pi/.m2/repository/org/usb4java/libusb4java/1.3.0/libusb4java-1.3.0-linux-x86.jar:/home/pi/.m2/repository/org/usb4java/libusb4java/1.3.0/libusb4java-1.3.0-linux-x86-64.jar:/home/pi/.m2/repository/org/usb4java/libusb4java/1.3.0/libusb4java-1.3.0-win32-x86.jar:/home/pi/.m2/repository/org/usb4java/libusb4java/1.3.0/libusb4java-1.3.0-win32-x86-64.jar:/home/pi/.m2/repository/org/usb4java/libusb4java/1.3.0/libusb4java-1.3.0-darwin-x86-64.jar:/home/pi/.m2/repository/org/usb4java/libusb4java/1.3.0/libusb4java-1.3.0-linux-arm.jar:/home/pi/.m2/repository/org/usb4java/libusb4java/1.3.0/libusb4java-1.3.0-linux-aarch64.jar:/home/pi/.m2/repository/commons-net/commons-net/3.8.0/commons-net-3.8.0.jar:"/>
    <property name="sun.cpu.endian" value="little"/>
    <property name="user.home" value="/home/pi"/>
    <property name="user.language" value="en"/>
    <property name="java.specification.vendor" value="Oracle Corporation"/>
    <property name="java.version.date" value="2021-10-19"/>
    <property name="java.home" value="/usr/lib/jvm/java-11-openjdk-armhf"/>
    <property name="file.separator" value="/"/>
    <property name="basedir" value="/home/pi/kenwood/java/malachiteControl"/>
    <property name="line.separator" value="&#10;"/>
    <property name="java.specification.name" value="Java Platform API Specification"/>
    <property name="java.vm.specification.vendor" value="Oracle Corporation"/>
    <property name="java.awt.graphicsenv" value="sun.awt.X11GraphicsEnvironment"/>
    <property name="surefire.real.class.path" value="/home/pi/kenwood/java/malachiteControl/target/surefire/surefirebooter18169570930209673334.jar"/>
    <property name="sun.management.compiler" value="HotSpot Tiered Compilers"/>
    <property name="java.runtime.version" value="11.0.13+8-post-Raspbian-1deb11u1"/>
    <property name="user.name" value="pi"/>
    <property name="path.separator" value=":"/>
    <property name="os.version" value="5.10.63-v7l+"/>
    <property name="java.runtime.name" value="OpenJDK Runtime Environment"/>
    <property name="file.encoding" value="UTF-8"/>
    <property name="java.vm.name" value="OpenJDK Server VM"/>
    <property name="localRepository" value="/home/pi/.m2/repository"/>
    <property name="java.vendor.url.bug" value="Unknown"/>
    <property name="java.io.tmpdir" value="/tmp"/>
    <property name="java.version" value="11.0.13"/>
    <property name="user.dir" value="/home/pi/kenwood/java/malachiteControl"/>
    <property name="os.arch" value="arm"/>
    <property name="java.vm.specification.name" value="Java Virtual Machine Specification"/>
    <property name="java.awt.printerjob" value="sun.print.PSPrinterJob"/>
    <property name="sun.os.patch.level" value="unknown"/>
    <property name="java.library.path" value="/usr/java/packages/lib:/usr/lib/arm-linux-gnueabihf/jni:/lib/arm-linux-gnueabihf:/usr/lib/arm-linux-gnueabihf:/usr/lib/jni:/lib:/usr/lib"/>
    <property name="java.vm.info" value="mixed mode"/>
    <property name="java.vendor" value="Raspbian"/>
    <property name="java.vm.version" value="11.0.13+8-post-Raspbian-1deb11u1"/>
    <property name="sun.arch.abi" value=""/>
    <property name="sun.io.unicode.encoding" value="UnicodeLittle"/>
    <property name="java.class.version" value="55.0"/>
  </properties>
  <testcase name="shouldAnswerWithTrue" classname="com.tf.ham.AppTest" time="0.006"/>
</testsuite>